0 info it worked if it ends with ok
1 verbose cli [ '/home/tom/.nvm/versions/node/v6.9.1/bin/node',
1 verbose cli   '/home/tom/.nvm/versions/node/v6.9.1/bin/npm',
1 verbose cli   'run',
1 verbose cli   'meteor' ]
2 info using npm@3.10.8
3 info using node@v6.9.1
4 verbose run-script [ 'premeteor', 'meteor', 'postmeteor' ]
5 info lifecycle music_mates@1.0.0~premeteor: music_mates@1.0.0
6 silly lifecycle music_mates@1.0.0~premeteor: no script for premeteor, continuing
7 info lifecycle music_mates@1.0.0~meteor: music_mates@1.0.0
8 verbose lifecycle music_mates@1.0.0~meteor: unsafe-perm in lifecycle true
9 verbose lifecycle music_mates@1.0.0~meteor: PATH: /home/tom/.nvm/versions/node/v6.9.1/lib/node_modules/npm/bin/node-gyp-bin:/mnt/924C775C4C7739D5/Users/Tom/Programming/makers/11/music_mates/node_modules/.bin:/home/tom/.nvm/versions/node/v6.9.1/bin:/home/tom/.rvm/gems/ruby-2.3.1/bin:/home/tom/.rvm/gems/ruby-2.3.1@global/bin:/home/tom/.rvm/rubies/ruby-2.3.1/bin:/home/tom/bin:/home/tom/.local/bin:/usr/local/sbin:/usr/local/bin:/usr/sbin:/usr/bin:/sbin:/bin:/usr/games:/usr/local/games:/snap/bin:/home/tom/.rvm/bin
10 verbose lifecycle music_mates@1.0.0~meteor: CWD: /mnt/924C775C4C7739D5/Users/Tom/Programming/makers/11/music_mates
11 silly lifecycle music_mates@1.0.0~meteor: Args: [ '-c', 'meteor --settings settings.json' ]
12 silly lifecycle music_mates@1.0.0~meteor: Returned: code: 1  signal: null
13 info lifecycle music_mates@1.0.0~meteor: Failed to exec meteor script
14 verbose stack Error: music_mates@1.0.0 meteor: `meteor --settings settings.json`
14 verbose stack Exit status 1
14 verbose stack     at EventEmitter.<anonymous> (/home/tom/.nvm/versions/node/v6.9.1/lib/node_modules/npm/lib/utils/lifecycle.js:255:16)
14 verbose stack     at emitTwo (events.js:106:13)
14 verbose stack     at EventEmitter.emit (events.js:191:7)
14 verbose stack     at ChildProcess.<anonymous> (/home/tom/.nvm/versions/node/v6.9.1/lib/node_modules/npm/lib/utils/spawn.js:40:14)
14 verbose stack     at emitTwo (events.js:106:13)
14 verbose stack     at ChildProcess.emit (events.js:191:7)
14 verbose stack     at maybeClose (internal/child_process.js:877:16)
14 verbose stack     at Process.ChildProcess._handle.onexit (internal/child_process.js:226:5)
15 verbose pkgid music_mates@1.0.0
16 verbose cwd /mnt/924C775C4C7739D5/Users/Tom/Programming/makers/11/music_mates
17 error Linux 4.4.0-51-generic
18 error argv "/home/tom/.nvm/versions/node/v6.9.1/bin/node" "/home/tom/.nvm/versions/node/v6.9.1/bin/npm" "run" "meteor"
19 error node v6.9.1
20 error npm  v3.10.8
21 error code ELIFECYCLE
22 error music_mates@1.0.0 meteor: `meteor --settings settings.json`
22 error Exit status 1
23 error Failed at the music_mates@1.0.0 meteor script 'meteor --settings settings.json'.
23 error Make sure you have the latest version of node.js and npm installed.
23 error If you do, this is most likely a problem with the music_mates package,
23 error not with npm itself.
23 error Tell the author that this fails on your system:
23 error     meteor --settings settings.json
23 error You can get information on how to open an issue for this project with:
23 error     npm bugs music_mates
23 error Or if that isn't available, you can get their info via:
23 error     npm owner ls music_mates
23 error There is likely additional logging output above.
24 verbose exit [ 1, true ]
